LOG_FILE_PATH = "data/factflow.log"
[2025-06-23 19:16:38] [Auto Update] Aggregating facts and updating FAISS...
[2025-06-23 19:16:44] Aggregating facts from scrapers...
[2025-06-23 19:16:45] Fetching supplemental context from Serper...
[2025-06-23 19:16:46] Total facts gathered: 171
[2025-06-23 19:16:46] Saving combined facts to JSON...
[2025-06-23 19:16:46] Building FAISS index...
[2025-06-23 19:16:46] Fact index updated successfully.
[2025-06-23 21:28:35] [Auto Update] Aggregating facts and updating FAISS...
[2025-06-23 21:28:39] Fact index refreshed.
[2025-06-23 21:28:40] Aggregating facts from scrapers...
[2025-06-23 21:28:42] Fetching supplemental context from Serper...
[2025-06-23 21:28:43] Total facts gathered: 171
[2025-06-23 21:28:43] Saving combined facts to JSON...
[2025-06-23 21:28:43] Building FAISS index...
[2025-06-23 21:28:43] Fact index updated successfully.
[2025-06-23 21:40:12] [Auto Update] Aggregating facts and updating FAISS...
[2025-06-23 21:40:18] [Auto Update] Aggregating facts and updating FAISS...
[2025-06-23 21:40:22] Fact index refreshed.
[2025-06-23 21:55:22] [Auto Update] Aggregating facts and updating FAISS...
[2025-06-23 21:56:47] Fact index refreshed.
[2025-06-23 22:11:46] [Auto Update] Aggregating facts and updating FAISS...
[2025-06-23 22:14:31] Fact index refreshed.
[2025-06-23 22:29:31] [Auto Update] Aggregating facts and updating FAISS...
[2025-06-23 22:31:09] Fact index refreshed.
[2025-06-23 22:46:09] [Auto Update] Aggregating facts and updating FAISS...
[2025-06-23 22:47:10] Fact index refreshed.
[2025-06-23 23:02:10] [Auto Update] Aggregating facts and updating FAISS...
[2025-06-23 23:03:40] Fact index refreshed.
[2025-06-23 23:18:40] [Auto Update] Aggregating facts and updating FAISS...
[2025-06-23 23:19:50] Fact index refreshed.
[2025-06-23 23:34:50] [Auto Update] Aggregating facts and updating FAISS...
[2025-06-23 23:34:54] Fact index refreshed.
[2025-06-23 23:49:54] [Auto Update] Aggregating facts and updating FAISS...
[2025-06-23 23:49:57] Fact index refreshed.
[2025-06-24 00:04:57] [Auto Update] Aggregating facts and updating FAISS...
[2025-06-24 00:05:01] Fact index refreshed.
[2025-06-24 00:20:01] [Auto Update] Aggregating facts and updating FAISS...
[2025-06-24 00:20:04] Fact index refreshed.
